#
# There is insufficient memory for the Java Runtime Environment to continue.
# Native memory allocation (mmap) failed to map 115343360 bytes for committing reserved memory.
# Possible reasons:
#   The system is out of physical RAM or swap space
#   The process is running with CompressedOops enabled, and the Java Heap may be blocking the growth of the native heap
# Possible solutions:
#   Reduce memory load on the system
#   Increase physical memory or swap space
#   Check if swap backing store is full
#   Decrease Java heap size (-Xmx/-Xms)
#   Decrease number of Java threads
#   Decrease Java thread stack sizes (-Xss)
#   Set larger code cache with -XX:ReservedCodeCacheSize=
#   JVM is running with Unscaled Compressed Oops mode in which the Java heap is
#     placed in the first 4GB address space. The Java Heap base address is the
#     maximum limit for the native heap growth. Please use -XX:HeapBaseMinAddress
#     to set the Java Heap base and to place the Java Heap above 4GB virtual address.
# This output file may be truncated or incomplete.
#
#  Out of Memory Error (os_linux.cpp:2983), pid=24375, tid=24378
#
# JRE version: OpenJDK Runtime Environment 18.9 (11.0.12+7) (build 11.0.12+7-LTS)
# Java VM: OpenJDK 64-Bit Server VM 18.9 (11.0.12+7-LTS, mixed mode, sharing, tiered, compressed oops, parallel gc, linux-amd64)
# No core dump will be written. Core dumps have been disabled. To enable core dumping, try "ulimit -c unlimited" before starting Java again
#

---------------  S U M M A R Y ------------

Command Line: --add-modules=ALL-SYSTEM --add-opens=java.base/java.util=ALL-UNNAMED --add-opens=java.base/java.lang=ALL-UNNAMED -Declipse.application=org.eclipse.jdt.ls.core.id1 -Dosgi.bundles.defaultStartLevel=4 -Declipse.product=org.eclipse.jdt.ls.core.product -Dfile.encoding=utf8 -XX:+UseParallelGC -XX:GCTimeRatio=4 -XX:AdaptiveSizePolicyWeight=90 -Dsun.zip.disableMemoryMapping=true -Xmx1G -Xms100m -Xverify:none /root/.vscode-server/extensions/redhat.java-0.82.0/server/plugins/org.eclipse.equinox.launcher_1.6.300.v20210813-1054.jar -configuration /root/.vscode-server/data/User/globalStorage/redhat.java/0.82.0/config_linux -data /root/.vscode-server/data/User/workspaceStorage/f571621cc9724e9bea71c1e3f729ef77-2/redhat.java/jdt_ws

Host: Intel(R) Xeon(R) CPU E5-2682 v4 @ 2.50GHz, 1 cores, 1G, CentOS Linux release 7.9.2009 (Core)
Time: Fri Sep 17 10:37:36 2021 CST elapsed time: 61.069520 seconds (0d 0h 1m 1s)

---------------  T H R E A D  ---------------

Current thread (0x00007fb0ec0f7800):  VMThread "VM Thread" [stack: 0x00007fb0cd2fc000,0x00007fb0cd3fc000] [id=24378]

Stack: [0x00007fb0cd2fc000,0x00007fb0cd3fc000],  sp=0x00007fb0cd3fa000,  free space=1016k
Native frames: (J=compiled Java code, A=aot compiled Java code, j=interpreted, Vv=VM code, C=native code)
V  [libjvm.so+0xf02115]  VMError::report_and_die(int, char const*, char const*, __va_list_tag*, Thread*, unsigned char*, void*, void*, char const*, int, unsigned long)+0x235
V  [libjvm.so+0xf02fe3]  VMError::report_and_die(Thread*, char const*, int, unsigned long, VMErrorType, char const*, __va_list_tag*)+0x43
V  [libjvm.so+0x6f7850]  report_vm_out_of_memory(char const*, int, unsigned long, VMErrorType, char const*, ...)+0x110
V  [libjvm.so+0xc5263a]  os::pd_commit_memory(char*, unsigned long, unsigned long, bool)+0xda
V  [libjvm.so+0xc48cfe]  os::commit_memory(char*, unsigned long, unsigned long, bool)+0x2e
V  [libjvm.so+0xcddebb]  PSVirtualSpace::expand_by(unsigned long)+0x5b
V  [libjvm.so+0xccc990]  PSOldGen::expand_by(unsigned long) [clone .part.114]+0x20
V  [libjvm.so+0xcccbe3]  PSOldGen::expand(unsigned long) [clone .part.115]+0x103
V  [libjvm.so+0xccd370]  PSOldGen::resize(unsigned long)+0x1b0
V  [libjvm.so+0xcd4d79]  PSParallelCompact::invoke_no_policy(bool)+0x719
V  [libjvm.so+0xcdbffd]  PSScavenge::invoke()+0x17d
V  [libjvm.so+0xc809e3]  ParallelScavengeHeap::failed_mem_allocate(unsigned long)+0x63
V  [libjvm.so+0xf05691]  VM_ParallelGCFailedAllocation::doit()+0x91
V  [libjvm.so+0xf04b40]  VM_Operation::evaluate()+0xe0
V  [libjvm.so+0xf0abbf]  VMThread::evaluate_operation(VM_Operation*)+0x11f
V  [libjvm.so+0xf0b03e]  VMThread::loop()+0x28e
V  [libjvm.so+0xf0b5ac]  VMThread::run()+0x7c
V  [libjvm.so+0xe9502a]  Thread::call_run()+0x16a
V  [libjvm.so+0xc58678]  thread_native_entry(Thread*)+0xf8

VM_Operation (0x00007fb0b8cb4780): ParallelGCFailedAllocation, mode: safepoint, requested by thread 0x00007fb0d03d3800


---------------  P R O C E S S  ---------------

Threads class SMR info:
_java_thread_list=0x000055a47bcc47b0, length=32, elements={
0x00007fb0ec015000, 0x00007fb0ec0fa800, 0x00007fb0ec0fd000, 0x00007fb0ec107800,
0x00007fb0ec109800, 0x00007fb0ec10b800, 0x00007fb0ec10d800, 0x00007fb0ec10f800,
0x00007fb0ec130800, 0x00007fb0ec214000, 0x00007fb0ec300000, 0x00007fb0ec311000,
0x00007fb0ec340000, 0x00007fb0d002d000, 0x00007fb0d01eb000, 0x00007fb0d019e000,
0x00007fb0ac001800, 0x00007fb0b4001000, 0x00007fb0d03d3800, 0x00007fb0d072d800,
0x00007fb0b4003000, 0x00007fb0ec393800, 0x00007fb0ec41e800, 0x00007fb0d047b000,
0x00007fb0b42cd000, 0x000055a47cbbd800, 0x000055a47c6d6000, 0x00007fb0c801a000,
0x00007fb0d079a800, 0x00007fb0ec3e2800, 0x000055a47bcbf800, 0x000055a47bcc3800
}

Java Threads: ( => current thread )
  0x00007fb0ec015000 JavaThread "main" [_thread_blocked, id=24376, stack(0x00007fb0f3af9000,0x00007fb0f3bfa000)]
  0x00007fb0ec0fa800 JavaThread "Reference Handler" daemon [_thread_blocked, id=24379, stack(0x00007fb0cd1f9000,0x00007fb0cd2fa000)]
  0x00007fb0ec0fd000 JavaThread "Finalizer" daemon [_thread_blocked, id=24380, stack(0x00007fb0cd0f8000,0x00007fb0cd1f9000)]
  0x00007fb0ec107800 JavaThread "Signal Dispatcher" daemon [_thread_blocked, id=24381, stack(0x00007fb0ccff7000,0x00007fb0cd0f8000)]
  0x00007fb0ec109800 JavaThread "Service Thread" daemon [_thread_blocked, id=24382, stack(0x00007fb0ccef6000,0x00007fb0ccff7000)]
  0x00007fb0ec10b800 JavaThread "C2 CompilerThread0" daemon [_thread_blocked, id=24383, stack(0x00007fb0ccdf5000,0x00007fb0ccef6000)]
  0x00007fb0ec10d800 JavaThread "C1 CompilerThread0" daemon [_thread_blocked, id=24384, stack(0x00007fb0cccf4000,0x00007fb0ccdf5000)]
  0x00007fb0ec10f800 JavaThread "Sweeper thread" daemon [_thread_blocked, id=24385, stack(0x00007fb0ccbf3000,0x00007fb0cccf4000)]
  0x00007fb0ec130800 JavaThread "Common-Cleaner" daemon [_thread_blocked, id=24386, stack(0x00007fb0ccaf2000,0x00007fb0ccbf3000)]
  0x00007fb0ec214000 JavaThread "process reaper" daemon [_thread_blocked, id=24391, stack(0x00007fb0f3a54000,0x00007fb0f3a76000)]
  0x00007fb0ec300000 JavaThread "Active Thread: Equinox Container: 3d5eafcb-493e-4336-981d-34d34f670359" [_thread_blocked, id=24393, stack(0x00007fb0cc4c5000,0x00007fb0cc5c6000)]
  0x00007fb0ec311000 JavaThread "Framework Event Dispatcher: Equinox Container: 3d5eafcb-493e-4336-981d-34d34f670359" daemon [_thread_blocked, id=24400, stack(0x00007fb0cc3c4000,0x00007fb0cc4c5000)]
  0x00007fb0ec340000 JavaThread "Start Level: Equinox Container: 3d5eafcb-493e-4336-981d-34d34f670359" daemon [_thread_blocked, id=24401, stack(0x00007fb0cc2c3000,0x00007fb0cc3c4000)]
  0x00007fb0d002d000 JavaThread "SCR Component Actor" daemon [_thread_blocked, id=24403, stack(0x00007fb0b99bc000,0x00007fb0b9abd000)]
  0x00007fb0d01eb000 JavaThread "Worker-JM" [_thread_blocked, id=24407, stack(0x00007fb0b93ba000,0x00007fb0b94bb000)]
  0x00007fb0d019e000 JavaThread "Worker-0: Java indexing... " [_thread_blocked, id=24408, stack(0x00007fb0b92b9000,0x00007fb0b93ba000)]
  0x00007fb0ac001800 JavaThread "Worker-1" [_thread_blocked, id=24411, stack(0x00007fb0b8fb8000,0x00007fb0b90b9000)]
  0x00007fb0b4001000 JavaThread "Worker-2" [_thread_blocked, id=24412, stack(0x00007fb0b8eb7000,0x00007fb0b8fb8000)]
  0x00007fb0d03d3800 JavaThread "Java indexing" daemon [_thread_blocked, id=24416, stack(0x00007fb0b8bb6000,0x00007fb0b8cb7000)]
  0x00007fb0d072d800 JavaThread "logback configurator timer" daemon [_thread_blocked, id=24422, stack(0x00007fb0b88b5000,0x00007fb0b89b6000)]
  0x00007fb0b4003000 JavaThread "Worker-3" [_thread_blocked, id=24423, stack(0x00007fb0b98bb000,0x00007fb0b99bc000)]
  0x00007fb0ec393800 JavaThread "pool-3-thread-1" [_thread_blocked, id=24428, stack(0x00007fb0b85b4000,0x00007fb0b86b5000)]
  0x00007fb0ec41e800 JavaThread "pool-2-thread-1" [_thread_in_native, id=24432, stack(0x00007fb0b82b3000,0x00007fb0b83b4000)]
  0x00007fb0d047b000 JavaThread "Worker-4" [_thread_blocked, id=24435, stack(0x00007fb0abcff000,0x00007fb0abe00000)]
  0x00007fb0b42cd000 JavaThread "Worker-5" [_thread_blocked, id=24519, stack(0x00007fb0a2a67000,0x00007fb0a2b68000)]
  0x000055a47cbbd800 JavaThread "Thread-3" [_thread_blocked, id=24522, stack(0x00007fb0a2966000,0x00007fb0a2a67000)]
  0x000055a47c6d6000 JavaThread "Thread-12" [_thread_blocked, id=24610, stack(0x00007fb0a1a56000,0x00007fb0a1b57000)]
  0x00007fb0c801a000 JavaThread "Bundle File Closer" daemon [_thread_blocked, id=24615, stack(0x00007fb0a1b57000,0x00007fb0a1c58000)]
  0x00007fb0d079a800 JavaThread "Java Debug Server" [_thread_in_native, id=24688, stack(0x00007fb0a1f59000,0x00007fb0a205a000)]
  0x00007fb0ec3e2800 JavaThread "pool-4-thread-1" [_thread_blocked, id=24689, stack(0x00007fb0a205a000,0x00007fb0a215b000)]
  0x000055a47bcbf800 JavaThread "RxSchedulerPurge-1" daemon [_thread_blocked, id=24694, stack(0x00007fb0a1955000,0x00007fb0a1a56000)]
  0x000055a47bcc3800 JavaThread "RxCachedWorkerPoolEvictor-1" daemon [_thread_blocked, id=24695, stack(0x00007fb0a2865000,0x00007fb0a2966000)]

Other Threads:
=>0x00007fb0ec0f7800 VMThread "VM Thread" [stack: 0x00007fb0cd2fc000,0x00007fb0cd3fc000] [id=24378]
  0x00007fb0ec173000 WatcherThread [stack: 0x00007fb0cc9f2000,0x00007fb0ccaf2000] [id=24387]
  0x00007fb0ec02c800 GCTaskThread "ParGC Thread#0" [stack: 0x00007fb0d4568000,0x00007fb0d4668000] [id=24377]

Threads with active compile tasks:
C2 CompilerThread0  61185 5453  s    4       org.eclipse.jdt.internal.compiler.classfmt.MethodInfo::readCodeAttribute (117 bytes)

VM state:at safepoint (normal execution)

VM Mutex/Monitor currently owned by a thread:  ([mutex/lock_event])
[0x00007fb0ec011b20] ExpandHeap_lock - owner thread: 0x00007fb0ec0f7800
[0x00007fb0ec012270] Threads_lock - owner thread: 0x00007fb0ec0f7800
[0x00007fb0ec012a50] Heap_lock - owner thread: 0x00007fb0d03d3800

Heap address: 0x00000000c0000000, size: 1024 MB, Compressed Oops mode: 32-bit
Narrow klass base: 0x0000000800000000, Narrow klass shift: 3
Compressed class space size: 1073741824 Address: 0x0000000840000000

Heap:
 PSYoungGen      total 70144K, used 6208K [0x00000000eab00000, 0x00000000f0a80000, 0x0000000100000000)
  eden space 48128K, 0% used [0x00000000eab00000,0x00000000eab00000,0x00000000eda00000)
  from space 22016K, 28% used [0x00000000ef500000,0x00000000efb102d0,0x00000000f0a80000)
  to   space 24064K, 0% used [0x00000000edb80000,0x00000000edb80000,0x00000000ef300000)
 ParOldGen       total 281600K, used 281286K [0x00000000c0000000, 0x00000000d1300000, 0x00000000eab00000)
  object space 281600K, 99% used [0x00000000c0000000,0x00000000d12b1898,0x00000000d1300000)
 Metaspace       used 48420K, capacity 51357K, committed 51632K, reserved 1095680K
  class space    used 4951K, capacity 6032K, committed 6144K, reserved 1048576K

Card table byte_map: [0x00007fb0d4668000,0x00007fb0d4869000] _byte_map_base: 0x00007fb0d4068000

Marking Bits: (ParMarkBitMap*) 0x00007fb0f2da7ce0
 Begin Bits: [0x00007fb0ce000000, 0x00007fb0cf000000)
 End Bits:   [0x00007fb0cf000000, 0x00007fb0d0000000)

Polling page: 0x00007fb0f3c04000

Metaspace:

Usage:
  Non-class:     44.26 MB capacity,    42.45 MB ( 96%) used,     1.70 MB (  4%) free+waste,   119.88 KB ( <1%) overhead. 
      Class:      5.89 MB capacity,     4.84 MB ( 82%) used,  1021.70 KB ( 17%) free+waste,    58.75 KB ( <1%) overhead. 
       Both:     50.15 MB capacity,    47.29 MB ( 94%) used,     2.69 MB (  5%) free+waste,   178.62 KB ( <1%) overhead. 

Virtual space:
  Non-class space:       46.00 MB reserved,      44.42 MB ( 97%) committed 
      Class space:        1.00 GB reserved,       6.00 MB ( <1%) committed 
             Both:        1.04 GB reserved,      50.42 MB (  5%) committed 

Chunk freelists:
   Non-Class:  95.00 KB
       Class:  16.00 KB
        Both:  111.00 KB

MaxMetaspaceSize: unlimited
CompressedClassSpaceSize: 1.00 GB
Initial GC threshold: 20.80 MB
Current GC threshold: 81.54 MB
CDS: on

CodeHeap 'non-profiled nmethods': size=120036Kb used=2269Kb max_used=2269Kb free=117766Kb
 bounds [0x00007fb0dc330000, 0x00007fb0dc5a0000, 0x00007fb0e3869000]
CodeHeap 'profiled nmethods': size=120032Kb used=11555Kb max_used=11555Kb free=108476Kb
 bounds [0x00007fb0d4df8000, 0x00007fb0d5948000, 0x00007fb0dc330000]
CodeHeap 'non-nmethods': size=5692Kb used=1354Kb max_used=1389Kb free=4338Kb
 bounds [0x00007fb0d4869000, 0x00007fb0d4ad9000, 0x00007fb0d4df8000]
 total_blobs=6042 nmethods=5374 adapters=580
 compilation: enabled
              stopped_count=0, restarted_count=0
 full_count=0

Compilation events (20 events):
Event: 59.052 Thread 0x00007fb0ec10d800 5531       1       org.eclipse.jdt.internal.compiler.classfmt.ModuleInfo::opens (5 bytes)
Event: 59.052 Thread 0x00007fb0ec10d800 nmethod 5531 0x00007fb0dc558410 code [0x00007fb0dc5585c0, 0x00007fb0dc558690]
Event: 59.052 Thread 0x00007fb0ec10d800 5532       1       org.eclipse.jdt.internal.compiler.classfmt.ModuleInfo::uses (5 bytes)
Event: 59.052 Thread 0x00007fb0ec10d800 nmethod 5532 0x00007fb0dc558710 code [0x00007fb0dc5588c0, 0x00007fb0dc558990]
Event: 59.052 Thread 0x00007fb0ec10d800 5533       1       org.eclipse.jdt.internal.compiler.classfmt.ModuleInfo::provides (5 bytes)
Event: 59.052 Thread 0x00007fb0ec10d800 nmethod 5533 0x00007fb0dc558a10 code [0x00007fb0dc558bc0, 0x00007fb0dc558c90]
Event: 59.079 Thread 0x00007fb0ec10d800 5534       3       java.util.zip.ZipFile$Source::getEntryPos (206 bytes)
Event: 59.080 Thread 0x00007fb0ec10d800 nmethod 5534 0x00007fb0d593db90 code [0x00007fb0d593de00, 0x00007fb0d593ead0]
Event: 59.080 Thread 0x00007fb0ec10d800 5536       2       java.io.Writer::<init> (22 bytes)
Event: 59.081 Thread 0x00007fb0ec10d800 nmethod 5536 0x00007fb0d593f110 code [0x00007fb0d593f2c0, 0x00007fb0d593f4a0]
Event: 59.081 Thread 0x00007fb0ec10d800 5535       2       jdk.internal.misc.VM::isSystemDomainLoader (17 bytes)
Event: 59.081 Thread 0x00007fb0ec10d800 nmethod 5535 0x00007fb0d593f590 code [0x00007fb0d593f760, 0x00007fb0d593f9f0]
Event: 59.380 Thread 0x00007fb0ec10d800 5538       2       org.eclipse.osgi.internal.loader.BundleLoader::getProviderLoader (77 bytes)
Event: 59.391 Thread 0x00007fb0ec10b800 nmethod 5487 0x00007fb0dc558d10 code [0x00007fb0dc5592e0, 0x00007fb0dc561888]
Event: 59.391 Thread 0x00007fb0ec10b800 5537       4       org.eclipse.jdt.internal.compiler.parser.Scanner::scanIdentifierOrKeywordWithBoundCheck (196 bytes)
Event: 59.404 Thread 0x00007fb0ec10d800 nmethod 5538 0x00007fb0d593fc10 code [0x00007fb0d593fec0, 0x00007fb0d5940850]
Event: 59.410 Thread 0x00007fb0ec10b800 nmethod 5537 0x00007fb0dc565790 code [0x00007fb0dc565940, 0x00007fb0dc565b68]
Event: 59.410 Thread 0x00007fb0ec10b800 5443       4       org.eclipse.jdt.internal.compiler.util.HashtableOfObject::put (113 bytes)
Event: 59.461 Thread 0x00007fb0ec10b800 nmethod 5443 0x00007fb0dc565d10 code [0x00007fb0dc565f20, 0x00007fb0dc566d18]
Event: 59.461 Thread 0x00007fb0ec10b800 5453  s    4       org.eclipse.jdt.internal.compiler.classfmt.MethodInfo::readCodeAttribute (117 bytes)

GC Heap History (20 events):
Event: 55.809 GC heap after
{Heap after GC invocations=140 (full 6):
 PSYoungGen      total 36864K, used 12283K [0x00000000eab00000, 0x00000000eea80000, 0x0000000100000000)
  eden space 24576K, 0% used [0x00000000eab00000,0x00000000eab00000,0x00000000ec300000)
  from space 12288K, 99% used [0x00000000ec300000,0x00000000ecefee28,0x00000000ecf00000)
  to   space 18944K, 0% used [0x00000000ed800000,0x00000000ed800000,0x00000000eea80000)
 ParOldGen       total 281600K, used 203861K [0x00000000c0000000, 0x00000000d1300000, 0x00000000eab00000)
  object space 281600K, 72% used [0x00000000c0000000,0x00000000cc7154b8,0x00000000d1300000)
 Metaspace       used 47053K, capacity 49963K, committed 50224K, reserved 1093632K
  class space    used 4840K, capacity 5931K, committed 6016K, reserved 1048576K
}
Event: 56.158 GC heap before
{Heap before GC invocations=141 (full 6):
 PSYoungGen      total 36864K, used 36859K [0x00000000eab00000, 0x00000000eea80000, 0x0000000100000000)
  eden space 24576K, 100% used [0x00000000eab00000,0x00000000ec300000,0x00000000ec300000)
  from space 12288K, 99% used [0x00000000ec300000,0x00000000ecefee28,0x00000000ecf00000)
  to   space 18944K, 0% used [0x00000000ed800000,0x00000000ed800000,0x00000000eea80000)
 ParOldGen       total 281600K, used 203861K [0x00000000c0000000, 0x00000000d1300000, 0x00000000eab00000)
  object space 281600K, 72% used [0x00000000c0000000,0x00000000cc7154b8,0x00000000d1300000)
 Metaspace       used 47055K, capacity 49963K, committed 50224K, reserved 1093632K
  class space    used 4840K, capacity 5931K, committed 6016K, reserved 1048576K
}
Event: 56.253 GC heap after
{Heap after GC invocations=141 (full 6):
 PSYoungGen      total 39936K, used 12505K [0x00000000eab00000, 0x00000000ee480000, 0x0000000100000000)
  eden space 27136K, 0% used [0x00000000eab00000,0x00000000eab00000,0x00000000ec580000)
  from space 12800K, 97% used [0x00000000ed800000,0x00000000ee4367d8,0x00000000ee480000)
  to   space 14336K, 0% used [0x00000000ec880000,0x00000000ec880000,0x00000000ed680000)
 ParOldGen       total 281600K, used 209480K [0x00000000c0000000, 0x00000000d1300000, 0x00000000eab00000)
  object space 281600K, 74% used [0x00000000c0000000,0x00000000ccc922b8,0x00000000d1300000)
 Metaspace       used 47055K, capacity 49963K, committed 50224K, reserved 1093632K
  class space    used 4840K, capacity 5931K, committed 6016K, reserved 1048576K
}
Event: 56.491 GC heap before
{Heap before GC invocations=142 (full 6):
 PSYoungGen      total 39936K, used 39641K [0x00000000eab00000, 0x00000000ee480000, 0x0000000100000000)
  eden space 27136K, 100% used [0x00000000eab00000,0x00000000ec580000,0x00000000ec580000)
  from space 12800K, 97% used [0x00000000ed800000,0x00000000ee4367d8,0x00000000ee480000)
  to   space 14336K, 0% used [0x00000000ec880000,0x00000000ec880000,0x00000000ed680000)
 ParOldGen       total 281600K, used 209480K [0x00000000c0000000, 0x00000000d1300000, 0x00000000eab00000)
  object space 281600K, 74% used [0x00000000c0000000,0x00000000ccc922b8,0x00000000d1300000)
 Metaspace       used 47058K, capacity 49963K, committed 50224K, reserved 1093632K
  class space    used 4840K, capacity 5931K, committed 6016K, reserved 1048576K
}
Event: 56.547 GC heap after
{Heap after GC invocations=142 (full 6):
 PSYoungGen      total 44032K, used 14314K [0x00000000eab00000, 0x00000000ef000000, 0x0000000100000000)
  eden space 29696K, 0% used [0x00000000eab00000,0x00000000eab00000,0x00000000ec800000)
  from space 14336K, 99% used [0x00000000ec880000,0x00000000ed67a9a8,0x00000000ed680000)
  to   space 20480K, 0% used [0x00000000edc00000,0x00000000edc00000,0x00000000ef000000)
 ParOldGen       total 281600K, used 214035K [0x00000000c0000000, 0x00000000d1300000, 0x00000000eab00000)
  object space 281600K, 76% used [0x00000000c0000000,0x00000000cd104c68,0x00000000d1300000)
 Metaspace       used 47058K, capacity 49963K, committed 50224K, reserved 1093632K
  class space    used 4840K, capacity 5931K, committed 6016K, reserved 1048576K
}
Event: 56.789 GC heap before
{Heap before GC invocations=143 (full 6):
 PSYoungGen      total 44032K, used 44010K [0x00000000eab00000, 0x00000000ef000000, 0x0000000100000000)
  eden space 29696K, 100% used [0x00000000eab00000,0x00000000ec800000,0x00000000ec800000)
  from space 14336K, 99% used [0x00000000ec880000,0x00000000ed67a9a8,0x00000000ed680000)
  to   space 20480K, 0% used [0x00000000edc00000,0x00000000edc00000,0x00000000ef000000)
 ParOldGen       total 281600K, used 214035K [0x00000000c0000000, 0x00000000d1300000, 0x00000000eab00000)
  object space 281600K, 76% used [0x00000000c0000000,0x00000000cd104c68,0x00000000d1300000)
 Metaspace       used 47078K, capacity 49963K, committed 50224K, reserved 1093632K
  class space    used 4842K, capacity 5931K, committed 6016K, reserved 1048576K
}
Event: 56.833 GC heap after
{Heap after GC invocations=143 (full 6):
 PSYoungGen      total 48128K, used 14521K [0x00000000eab00000, 0x00000000eeb00000, 0x0000000100000000)
  eden space 32768K, 0% used [0x00000000eab00000,0x00000000eab00000,0x00000000ecb00000)
  from space 15360K, 94% used [0x00000000edc00000,0x00000000eea2e4c0,0x00000000eeb00000)
  to   space 16384K, 0% used [0x00000000ecb00000,0x00000000ecb00000,0x00000000edb00000)
 ParOldGen       total 281600K, used 220607K [0x00000000c0000000, 0x00000000d1300000, 0x00000000eab00000)
  object space 281600K, 78% used [0x00000000c0000000,0x00000000cd76fcb8,0x00000000d1300000)
 Metaspace       used 47078K, capacity 49963K, committed 50224K, reserved 1093632K
  class space    used 4842K, capacity 5931K, committed 6016K, reserved 1048576K
}
Event: 57.080 GC heap before
{Heap before GC invocations=144 (full 6):
 PSYoungGen      total 48128K, used 47289K [0x00000000eab00000, 0x00000000eeb00000, 0x0000000100000000)
  eden space 32768K, 100% used [0x00000000eab00000,0x00000000ecb00000,0x00000000ecb00000)
  from space 15360K, 94% used [0x00000000edc00000,0x00000000eea2e4c0,0x00000000eeb00000)
  to   space 16384K, 0% used [0x00000000ecb00000,0x00000000ecb00000,0x00000000edb00000)
 ParOldGen       total 281600K, used 220607K [0x00000000c0000000, 0x00000000d1300000, 0x00000000eab00000)
  object space 281600K, 78% used [0x00000000c0000000,0x00000000cd76fcb8,0x00000000d1300000)
 Metaspace       used 47189K, capacity 50065K, committed 50224K, reserved 1093632K
  class space    used 4849K, capacity 5964K, committed 6016K, reserved 1048576K
}
Event: 57.148 GC heap after
{Heap after GC invocations=144 (full 6):
 PSYoungGen      total 49152K, used 16381K [0x00000000eab00000, 0x00000000efc00000, 0x0000000100000000)
  eden space 32768K, 0% used [0x00000000eab00000,0x00000000eab00000,0x00000000ecb00000)
  from space 16384K, 99% used [0x00000000ecb00000,0x00000000edaff728,0x00000000edb00000)
  to   space 23552K, 0% used [0x00000000ee500000,0x00000000ee500000,0x00000000efc00000)
 ParOldGen       total 281600K, used 226185K [0x00000000c0000000, 0x00000000d1300000, 0x00000000eab00000)
  object space 281600K, 80% used [0x00000000c0000000,0x00000000cdce26e8,0x00000000d1300000)
 Metaspace       used 47189K, capacity 50065K, committed 50224K, reserved 1093632K
  class space    used 4849K, capacity 5964K, committed 6016K, reserved 1048576K
}
Event: 57.421 GC heap before
{Heap before GC invocations=145 (full 6):
 PSYoungGen      total 49152K, used 49149K [0x00000000eab00000, 0x00000000efc00000, 0x0000000100000000)
  eden space 32768K, 100% used [0x00000000eab00000,0x00000000ecb00000,0x00000000ecb00000)
  from space 16384K, 99% used [0x00000000ecb00000,0x00000000edaff728,0x00000000edb00000)
  to   space 23552K, 0% used [0x00000000ee500000,0x00000000ee500000,0x00000000efc00000)
 ParOldGen       total 281600K, used 226185K [0x00000000c0000000, 0x00000000d1300000, 0x00000000eab00000)
  object space 281600K, 80% used [0x00000000c0000000,0x00000000cdce26e8,0x00000000d1300000)
 Metaspace       used 47249K, capacity 50196K, committed 50480K, reserved 1093632K
  class space    used 4857K, capacity 5965K, committed 6016K, reserved 1048576K
}
Event: 57.518 GC heap after
{Heap after GC invocations=145 (full 6):
 PSYoungGen      total 52736K, used 16278K [0x00000000eab00000, 0x00000000ef500000, 0x0000000100000000)
  eden space 36352K, 0% used [0x00000000eab00000,0x00000000eab00000,0x00000000ece80000)
  from space 16384K, 99% used [0x00000000ee500000,0x00000000ef4e5930,0x00000000ef500000)
  to   space 18432K, 0% used [0x00000000ed100000,0x00000000ed100000,0x00000000ee300000)
 ParOldGen       total 281600K, used 233364K [0x00000000c0000000, 0x00000000d1300000, 0x00000000eab00000)
  object space 281600K, 82% used [0x00000000c0000000,0x00000000ce3e5118,0x00000000d1300000)
 Metaspace       used 47249K, capacity 50196K, committed 50480K, reserved 1093632K
  class space    used 4857K, capacity 5965K, committed 6016K, reserved 1048576K
}
Event: 58.336 GC heap before
{Heap before GC invocations=146 (full 6):
 PSYoungGen      total 52736K, used 52630K [0x00000000eab00000, 0x00000000ef500000, 0x0000000100000000)
  eden space 36352K, 100% used [0x00000000eab00000,0x00000000ece80000,0x00000000ece80000)
  from space 16384K, 99% used [0x00000000ee500000,0x00000000ef4e5930,0x00000000ef500000)
  to   space 18432K, 0% used [0x00000000ed100000,0x00000000ed100000,0x00000000ee300000)
 ParOldGen       total 281600K, used 233364K [0x00000000c0000000, 0x00000000d1300000, 0x00000000eab00000)
  object space 281600K, 82% used [0x00000000c0000000,0x00000000ce3e5118,0x00000000d1300000)
 Metaspace       used 47515K, capacity 50519K, committed 50736K, reserved 1093632K
  class space    used 4873K, capacity 5966K, committed 6016K, reserved 1048576K
}
Event: 58.406 GC heap after
{Heap after GC invocations=146 (full 6):
 PSYoungGen      total 57344K, used 18418K [0x00000000eab00000, 0x00000000f0500000, 0x0000000100000000)
  eden space 38912K, 0% used [0x00000000eab00000,0x00000000eab00000,0x00000000ed100000)
  from space 18432K, 99% used [0x00000000ed100000,0x00000000ee2fc838,0x00000000ee300000)
  to   space 26112K, 0% used [0x00000000eeb80000,0x00000000eeb80000,0x00000000f0500000)
 ParOldGen       total 281600K, used 239267K [0x00000000c0000000, 0x00000000d1300000, 0x00000000eab00000)
  object space 281600K, 84% used [0x00000000c0000000,0x00000000ce9a8d10,0x00000000d1300000)
 Metaspace       used 47515K, capacity 50519K, committed 50736K, reserved 1093632K
  class space    used 4873K, capacity 5966K, committed 6016K, reserved 1048576K
}
Event: 58.746 GC heap before
{Heap before GC invocations=147 (full 6):
 PSYoungGen      total 57344K, used 57330K [0x00000000eab00000, 0x00000000f0500000, 0x0000000100000000)
  eden space 38912K, 100% used [0x00000000eab00000,0x00000000ed100000,0x00000000ed100000)
  from space 18432K, 99% used [0x00000000ed100000,0x00000000ee2fc838,0x00000000ee300000)
  to   space 26112K, 0% used [0x00000000eeb80000,0x00000000eeb80000,0x00000000f0500000)
 ParOldGen       total 281600K, used 239267K [0x00000000c0000000, 0x00000000d1300000, 0x00000000eab00000)
  object space 281600K, 84% used [0x00000000c0000000,0x00000000ce9a8d10,0x00000000d1300000)
 Metaspace       used 47658K, capacity 50650K, committed 50736K, reserved 1093632K
  class space    used 4886K, capacity 5967K, committed 6016K, reserved 1048576K
}
Event: 58.851 GC heap after
{Heap after GC invocations=147 (full 6):
 PSYoungGen      total 59392K, used 16195K [0x00000000eab00000, 0x00000000efb80000, 0x0000000100000000)
  eden space 43008K, 0% used [0x00000000eab00000,0x00000000eab00000,0x00000000ed500000)
  from space 16384K, 98% used [0x00000000eeb80000,0x00000000efb50e20,0x00000000efb80000)
  to   space 19456K, 0% used [0x00000000ed580000,0x00000000ed580000,0x00000000ee880000)
 ParOldGen       total 281600K, used 250481K [0x00000000c0000000, 0x00000000d1300000, 0x00000000eab00000)
  object space 281600K, 88% used [0x00000000c0000000,0x00000000cf49c640,0x00000000d1300000)
 Metaspace       used 47658K, capacity 50650K, committed 50736K, reserved 1093632K
  class space    used 4886K, capacity 5967K, committed 6016K, reserved 1048576K
}
Event: 59.161 GC heap before
{Heap before GC invocations=148 (full 6):
 PSYoungGen      total 59392K, used 59203K [0x00000000eab00000, 0x00000000efb80000, 0x0000000100000000)
  eden space 43008K, 100% used [0x00000000eab00000,0x00000000ed500000,0x00000000ed500000)
  from space 16384K, 98% used [0x00000000eeb80000,0x00000000efb50e20,0x00000000efb80000)
  to   space 19456K, 0% used [0x00000000ed580000,0x00000000ed580000,0x00000000ee880000)
 ParOldGen       total 281600K, used 250481K [0x00000000c0000000, 0x00000000d1300000, 0x00000000eab00000)
  object space 281600K, 88% used [0x00000000c0000000,0x00000000cf49c640,0x00000000d1300000)
 Metaspace       used 48031K, capacity 51002K, committed 51248K, reserved 1095680K
  class space    used 4913K, capacity 5999K, committed 6016K, reserved 1048576K
}
Event: 59.247 GC heap after
{Heap after GC invocations=148 (full 6):
 PSYoungGen      total 62976K, used 19434K [0x00000000eab00000, 0x00000000f1100000, 0x0000000100000000)
  eden space 43520K, 0% used [0x00000000eab00000,0x00000000eab00000,0x00000000ed580000)
  from space 19456K, 99% used [0x00000000ed580000,0x00000000ee87a800,0x00000000ee880000)
  to   space 28672K, 0% used [0x00000000ef500000,0x00000000ef500000,0x00000000f1100000)
 ParOldGen       total 281600K, used 257804K [0x00000000c0000000, 0x00000000d1300000, 0x00000000eab00000)
  object space 281600K, 91% used [0x00000000c0000000,0x00000000cfbc3050,0x00000000d1300000)
 Metaspace       used 48031K, capacity 51002K, committed 51248K, reserved 1095680K
  class space    used 4913K, capacity 5999K, committed 6016K, reserved 1048576K
}
Event: 59.475 GC heap before
{Heap before GC invocations=149 (full 6):
 PSYoungGen      total 62976K, used 62954K [0x00000000eab00000, 0x00000000f1100000, 0x0000000100000000)
  eden space 43520K, 100% used [0x00000000eab00000,0x00000000ed580000,0x00000000ed580000)
  from space 19456K, 99% used [0x00000000ed580000,0x00000000ee87a800,0x00000000ee880000)
  to   space 28672K, 0% used [0x00000000ef500000,0x00000000ef500000,0x00000000f1100000)
 ParOldGen       total 281600K, used 257804K [0x00000000c0000000, 0x00000000d1300000, 0x00000000eab00000)
  object space 281600K, 91% used [0x00000000c0000000,0x00000000cfbc3050,0x00000000d1300000)
 Metaspace       used 48420K, capacity 51357K, committed 51632K, reserved 1095680K
  class space    used 4951K, capacity 6032K, committed 6144K, reserved 1048576K
}
Event: 59.541 GC heap after
{Heap after GC invocations=149 (full 6):
 PSYoungGen      total 70144K, used 21936K [0x00000000eab00000, 0x00000000f0a80000, 0x0000000100000000)
  eden space 48128K, 0% used [0x00000000eab00000,0x00000000eab00000,0x00000000eda00000)
  from space 22016K, 99% used [0x00000000ef500000,0x00000000f0a6c180,0x00000000f0a80000)
  to   space 24064K, 0% used [0x00000000edb80000,0x00000000edb80000,0x00000000ef300000)
 ParOldGen       total 281600K, used 269365K [0x00000000c0000000, 0x00000000d1300000, 0x00000000eab00000)
  object space 281600K, 95% used [0x00000000c0000000,0x00000000d070d578,0x00000000d1300000)
 Metaspace       used 48420K, capacity 51357K, committed 51632K, reserved 1095680K
  class space    used 4951K, capacity 6032K, committed 6144K, reserved 1048576K
}
Event: 59.543 GC heap before
{Heap before GC invocations=150 (full 7):
 PSYoungGen      total 70144K, used 21936K [0x00000000eab00000, 0x00000000f0a80000, 0x0000000100000000)
  eden space 48128K, 0% used [0x00000000eab00000,0x00000000eab00000,0x00000000eda00000)
  from space 22016K, 99% used [0x00000000ef500000,0x00000000f0a6c180,0x00000000f0a80000)
  to   space 24064K, 0% used [0x00000000edb80000,0x00000000edb80000,0x00000000ef300000)
 ParOldGen       total 281600K, used 269365K [0x00000000c0000000, 0x00000000d1300000, 0x00000000eab00000)
  object space 281600K, 95% used [0x00000000c0000000,0x00000000d070d578,0x00000000d1300000)
 Metaspace       used 48420K, capacity 51357K, committed 51632K, reserved 1095680K
  class space    used 4951K, capacity 6032K, committed 6144K, reserved 1048576K
}

Deoptimization events (20 events):
Event: 59.049 Thread 0x00007fb0d03d3800 DEOPT PACKING pc=0x00007fb0d54bf33d sp=0x00007fb0b8cb4ea0
Event: 59.049 Thread 0x00007fb0d03d3800 DEOPT UNPACKING pc=0x00007fb0d48b364a sp=0x00007fb0b8cb42f8 mode 0
Event: 59.077 Thread 0x00007fb0ec3e2800 DEOPT PACKING pc=0x00007fb0d5762e88 sp=0x00007fb0a21588f0
Event: 59.077 Thread 0x00007fb0ec3e2800 DEOPT UNPACKING pc=0x00007fb0d48b364a sp=0x00007fb0a2157df0 mode 0
Event: 59.139 Thread 0x00007fb0d03d3800 DEOPT PACKING pc=0x00007fb0d54bf33d sp=0x00007fb0b8cb4ea0
Event: 59.139 Thread 0x00007fb0d03d3800 DEOPT UNPACKING pc=0x00007fb0d48b364a sp=0x00007fb0b8cb42f8 mode 0
Event: 59.253 Thread 0x00007fb0d03d3800 DEOPT PACKING pc=0x00007fb0d575cd41 sp=0x00007fb0b8cb5120
Event: 59.253 Thread 0x00007fb0d03d3800 DEOPT UNPACKING pc=0x00007fb0d48b364a sp=0x00007fb0b8cb45e0 mode 0
Event: 59.254 Thread 0x00007fb0d03d3800 DEOPT PACKING pc=0x00007fb0d54bf33d sp=0x00007fb0b8cb4ea0
Event: 59.254 Thread 0x00007fb0d03d3800 DEOPT UNPACKING pc=0x00007fb0d48b364a sp=0x00007fb0b8cb42f8 mode 0
Event: 59.254 Thread 0x00007fb0d03d3800 DEOPT PACKING pc=0x00007fb0d5919214 sp=0x00007fb0b8cb5000
Event: 59.254 Thread 0x00007fb0d03d3800 DEOPT UNPACKING pc=0x00007fb0d48b364a sp=0x00007fb0b8cb4670 mode 0
Event: 59.343 Thread 0x00007fb0d03d3800 DEOPT PACKING pc=0x00007fb0d54bf33d sp=0x00007fb0b8cb4ea0
Event: 59.343 Thread 0x00007fb0d03d3800 DEOPT UNPACKING pc=0x00007fb0d48b364a sp=0x00007fb0b8cb42f8 mode 0
Event: 59.358 Thread 0x00007fb0d03d3800 DEOPT PACKING pc=0x00007fb0d575cd41 sp=0x00007fb0b8cb5120
Event: 59.358 Thread 0x00007fb0d03d3800 DEOPT UNPACKING pc=0x00007fb0d48b364a sp=0x00007fb0b8cb45e0 mode 0
Event: 59.363 Thread 0x00007fb0d03d3800 DEOPT PACKING pc=0x00007fb0d54bf33d sp=0x00007fb0b8cb4ea0
Event: 59.363 Thread 0x00007fb0d03d3800 DEOPT UNPACKING pc=0x00007fb0d48b364a sp=0x00007fb0b8cb42f8 mode 0
Event: 59.429 Thread 0x00007fb0d03d3800 DEOPT PACKING pc=0x00007fb0d54bf33d sp=0x00007fb0b8cb4ea0
Event: 59.429 Thread 0x00007fb0d03d3800 DEOPT UNPACKING pc=0x00007fb0d48b364a sp=0x00007fb0b8cb42f8 mode 0

Classes redefined (0 events):
No events

Internal exceptions (20 events):
Event: 39.575 Thread 0x00007fb0b42cd000 Exception <a 'sun/nio/fs/UnixException'{0x00000000eaef2f30}> (0x00000000eaef2f30) thrown at [./src/hotspot/share/prims/jni.cpp, line 615]
Event: 40.071 Thread 0x00007fb0b42cd000 Exception <a 'java/lang/ArrayIndexOutOfBoundsException'{0x00000000eb071d48}> (0x00000000eb071d48) thrown at [./src/hotspot/share/runtime/sharedRuntime.cpp, line 606]
Event: 40.700 Thread 0x00007fb0b42cd000 Exception <a 'java/lang/ArrayIndexOutOfBoundsException'{0x00000000eaeebe20}> (0x00000000eaeebe20) thrown at [./src/hotspot/share/runtime/sharedRuntime.cpp, line 606]
Event: 41.100 Thread 0x00007fb0b42cd000 Exception <a 'java/lang/NoSuchMethodError'{0x00000000eae676b8}: 'java.lang.Object java.lang.invoke.DirectMethodHandle$Holder.invokeStatic(java.lang.Object, java.lang.Object, java.lang.Object, long)'> (0x00000000eae676b8) thrown at [./src/hotspot/share/interpreter/linkResolver.cpp, line 773]
Event: 41.101 Thread 0x00007fb0b42cd000 Exception <a 'java/lang/NoSuchMethodError'{0x00000000eae6ef40}: 'java.lang.Object java.lang.invoke.DirectMethodHandle$Holder.invokeSpecial(java.lang.Object, java.lang.Object, java.lang.Object, java.lang.Object, long)'> (0x00000000eae6ef40) thrown at [./src/hotspot/share/interpreter/linkResolver.cpp, line 773]
Event: 41.101 Thread 0x00007fb0b42cd000 Exception <a 'java/lang/NoSuchMethodError'{0x00000000eae72390}: 'java.lang.Object java.lang.invoke.Invokers$Holder.linkToTargetMethod(java.lang.Object, java.lang.Object, long, java.lang.Object)'> (0x00000000eae72390) thrown at [./src/hotspot/share/interpreter/linkResolver.cpp, line 773]
Event: 41.282 Thread 0x00007fb0b4003000 Exception <a 'java/lang/NoSuchMethodError'{0x00000000eaeb3080}: 'java.lang.Object java.lang.invoke.DirectMethodHandle$Holder.invokeStatic(java.lang.Object, java.lang.Object, java.lang.Object, int, java.lang.Object)'> (0x00000000eaeb3080) thrown at [./src/hotspot/share/interpreter/linkResolver.cpp, line 773]
Event: 41.282 Thread 0x00007fb0b4003000 Exception <a 'java/lang/NoSuchMethodError'{0x00000000eaeb7270}: 'java.lang.Object java.lang.invoke.DirectMethodHandle$Holder.invokeSpecial(java.lang.Object, java.lang.Object, java.lang.Object, java.lang.Object, int, java.lang.Object)'> (0x00000000eaeb7270) thrown at [./src/hotspot/share/interpreter/linkResolver.cpp, line 773]
Event: 41.282 Thread 0x00007fb0b4003000 Exception <a 'java/lang/NoSuchMethodError'{0x00000000eaebad60}: 'java.lang.Object java.lang.invoke.Invokers$Holder.linkToTargetMethod(java.lang.Object, java.lang.Object, int, java.lang.Object, java.lang.Object)'> (0x00000000eaebad60) thrown at [./src/hotspot/share/interpreter/linkResolver.cpp, line 773]
Event: 41.985 Thread 0x000055a47ca96800 Exception <a 'java/lang/NoSuchMethodError'{0x00000000eae3f808}: 'java.lang.Object java.lang.invoke.DirectMethodHandle$Holder.invokeStaticInit(java.lang.Object, java.lang.Object, java.lang.Object)'> (0x00000000eae3f808) thrown at [./src/hotspot/share/interpreter/linkResolver.cpp, line 773]
Event: 42.500 Thread 0x00007fb0c801a000 Implicit null exception at 0x00007fb0dc4365bb to 0x00007fb0dc4368f4
Event: 42.746 Thread 0x000055a47ca7e800 Exception <a 'java/lang/ArrayIndexOutOfBoundsException'{0x00000000eab17720}> (0x00000000eab17720) thrown at [./src/hotspot/share/runtime/sharedRuntime.cpp, line 606]
Event: 42.746 Thread 0x000055a47ca7e800 Exception <a 'java/lang/ArrayIndexOutOfBoundsException'{0x00000000eab17a40}> (0x00000000eab17a40) thrown at [./src/hotspot/share/runtime/sharedRuntime.cpp, line 606]
Event: 42.746 Thread 0x000055a47ca7e800 Exception <a 'java/lang/ArrayIndexOutOfBoundsException'{0x00000000eab17fc0}> (0x00000000eab17fc0) thrown at [./src/hotspot/share/runtime/sharedRuntime.cpp, line 606]
Event: 42.871 Thread 0x000055a47c6da000 Exception <a 'java/lang/ArrayIndexOutOfBoundsException'{0x00000000eaea3c70}> (0x00000000eaea3c70) thrown at [./src/hotspot/share/runtime/sharedRuntime.cpp, line 606]
Event: 43.308 Thread 0x000055a47c6da000 Exception <a 'java/lang/ArrayIndexOutOfBoundsException'{0x00000000eab6d600}> (0x00000000eab6d600) thrown at [./src/hotspot/share/runtime/sharedRuntime.cpp, line 606]
Event: 45.804 Thread 0x000055a47bb1e800 Exception <a 'java/lang/ClassNotFoundException'{0x00000000eae5fd30}: sun/util/logging/resources/spi/loggingProvider> (0x00000000eae5fd30) thrown at [./src/hotspot/share/classfile/systemDictionary.cpp, line 231]
Event: 55.122 Thread 0x00007fb0ec41e800 Exception <a 'java/lang/NoSuchMethodError'{0x00000000ebf22900}: 'java.lang.Object java.lang.invoke.DirectMethodHandle$Holder.invokeStatic(java.lang.Object, java.lang.Object, int, java.lang.Object)'> (0x00000000ebf22900) thrown at [./src/hotspot/share/interpreter/linkResolver.cpp, line 773]
Event: 55.170 Thread 0x00007fb0ec41e800 Exception <a 'java/lang/NoSuchMethodError'{0x00000000ec0fe288}: 'java.lang.Object java.lang.invoke.Invokers$Holder.linkToTargetMethod(java.lang.Object, int, java.lang.Object)'> (0x00000000ec0fe288) thrown at [./src/hotspot/share/interpreter/linkResolver.cpp, line 773]
Event: 57.041 Thread 0x000055a47c98f000 Exception <a 'java/io/FileNotFoundException'{0x00000000ebe5c3a0}> (0x00000000ebe5c3a0) thrown at [./src/hotspot/share/prims/jni.cpp, line 615]

Events (20 events):
Event: 59.157 Protecting memory [0x00007fb0a1955000,0x00007fb0a1959000] with protection modes 0
Event: 59.161 Executing VM operation: ParallelGCFailedAllocation
Event: 59.247 Executing VM operation: ParallelGCFailedAllocation done
Event: 59.321 Thread 0x000055a47bcc3800 Thread added: 0x000055a47bcc3800
Event: 59.324 Executing VM operation: RevokeBias
Event: 59.324 Protecting memory [0x00007fb0a2865000,0x00007fb0a2869000] with protection modes 0
Event: 59.338 Executing VM operation: RevokeBias done
Event: 59.349 Executing VM operation: RevokeBias
Event: 59.349 Executing VM operation: RevokeBias done
Event: 59.378 loading class com/microsoft/java/debug/core/protocol/Messages$Request
Event: 59.378 loading class com/microsoft/java/debug/core/protocol/Messages$Request done
Event: 59.379 loading class com/microsoft/java/debug/core/protocol/Messages$Request
Event: 59.379 loading class com/microsoft/java/debug/core/protocol/Messages$Request done
Event: 59.379 loading class com/microsoft/java/debug/core/protocol/AbstractProtocolServer
Event: 59.379 loading class com/microsoft/java/debug/core/protocol/AbstractProtocolServer done
Event: 59.418 Executing VM operation: Deoptimize
Event: 59.419 Executing VM operation: Deoptimize done
Event: 59.422 loading class java/lang/StrictMath
Event: 59.457 loading class java/lang/StrictMath done
Event: 59.474 Executing VM operation: ParallelGCFailedAllocation


Dynamic libraries:
c0000000-d1300000 rw-p 00000000 00:00 0 
d8100000-eab00000 ---p 00000000 00:00 0 
eab00000-f0a80000 rw-p 00000000 00:00 0 
f0a80000-100000000 ---p 00000000 00:00 0 
800000000-800002000 rwxp 00001000 fd:01 669460                           /usr/lib/jvm/java-11-openjdk-11.0.12.0.7-0.el7_9.x86_64/lib/server/classes.jsa
800002000-8003b6000 rw-p 00003000 fd:01 669460                           /usr/lib/jvm/java-11-openjdk-11.0.12.0.7-0.el7_9.x86_64/lib/server/classes.jsa
8003b6000-800a7b000 r--p 003b7000 fd:01 669460                           /usr/lib/jvm/java-11-openjdk-11.0.12.0.7-0.el7_9.x86_64/lib/server/classes.jsa
800a7b000-800a7c000 rw-p 00a7c000 fd:01 669460                           /usr/lib/jvm/java-11-openjdk-11.0.12.0.7-0.el7_9.x86_64/lib/server/classes.jsa
800a7c000-801086000 r--p 00a7d000 fd:01 669460                           /usr/lib/jvm/java-11-openjdk-11.0.12.0.7-0.el7_9.x86_64/lib/server/classes.jsa
840000000-840600000 rw-p 00000000 00:00 0 
840600000-880000000 ---p 00000000 00:00 0 
55a47ae2f000-55a47ae30000 r-xp 00000000 fd:01 669044                     /usr/lib/jvm/java-11-openjdk-11.0.12.0.7-0.el7_9.x86_64/bin/java
55a47b030000-55a47b031000 r--p 00001000 fd:01 669044                     /usr/lib/jvm/java-11-openjdk-11.0.12.0.7-0.el7_9.x86_64/bin/java
55a47b031000-55a47b032000 rw-p 00002000 fd:01 669044                     /usr/lib/jvm/java-11-openjdk-11.0.12.0.7-0.el7_9.x86_64/bin/java
55a47b924000-55a47cd3d000 rw-p 00000000 00:00 0                          [heap]
7fb0a1451000-7fb0a14d1000 rw-p 00000000 00:00 0 
7fb0a14d1000-7fb0a1651000 ---p 00000000 00:00 0 
7fb0a1651000-7fb0a1653000 r-xp 00000000 fd:01 669406                     /usr/lib/jvm/java-11-openjdk-11.0.12.0.7-0.el7_9.x86_64/lib/libextnet.so
7fb0a1653000-7fb0a1852000 ---p 00002000 fd:01 669406                     /usr/lib/jvm/java-11-openjdk-11.0.12.0.7-0.el7_9.x86_64/lib/libextnet.so
7fb0a1852000-7fb0a1853000 r--p 00001000 fd:01 669406                     /usr/lib/jvm/java-11-openjdk-11.0.12.0.7-0.el7_9.x86_64/lib/libextnet.so
7fb0a1853000-7fb0a1854000 rw-p 00000000 00:00 0 
7fb0a1854000-7fb0a1858000 ---p 00000000 00:00 0 
7fb0a1858000-7fb0a1955000 rw-p 00000000 00:00 0 
7fb0a1955000-7fb0a1959000 ---p 00000000 00:00 0 
7fb0a1959000-7fb0a1a56000 rw-p 00000000 00:00 0 
7fb0a1a56000-7fb0a1a5a000 ---p 00000000 00:00 0 
7fb0a1a5a000-7fb0a1b57000 rw-p 00000000 00:00 0 
7fb0a1b57000-7fb0a1b5b000 ---p 00000000 00:00 0 
7fb0a1b5b000-7fb0a1c58000 rw-p 00000000 00:00 0 
7fb0a1c58000-7fb0a1c5c000 ---p 00000000 00:00 0 
7fb0a1c5c000-7fb0a1f59000 rw-p 00000000 00:00 0 
7fb0a1f59000-7fb0a1f5d000 ---p 00000000 00:00 0 
7fb0a1f5d000-7fb0a205a000 rw-p 00000000 00:00 0 
7fb0a205a000-7fb0a205e000 ---p 00000000 00:00 0 
7fb0a205e000-7fb0a235b000 rw-p 00000000 00:00 0 
7fb0a235b000-7fb0a255b000 rw-p 00000000 00:00 0 
7fb0a2564000-7fb0a2568000 ---p 00000000 00:00 0 
7fb0a2568000-7fb0a2865000 rw-p 00000000 00:00 0 
7fb0a2865000-7fb0a2869000 ---p 00000000 00:00 0 
7fb0a2869000-7fb0a2966000 rw-p 00000000 00:00 0 
7fb0a2966000-7fb0a296a000 ---p 00000000 00:00 0 
7fb0a296a000-7fb0a2a67000 rw-p 00000000 00:00 0 
7fb0a2a67000-7fb0a2a6b000 ---p 00000000 00:00 0 
7fb0a2a6b000-7fb0a2d68000 rw-p 00000000 00:00 0 
7fb0a2d68000-7fb0a2f68000 rw-p 00000000 00:00 0 
7fb0a2f68000-7fb0a3168000 rw-p 00000000 00:00 0 
7fb0a3168000-7fb0ab8ff000 r--s 00000000 fd:01 669435                     /usr/lib/jvm/java-11-openjdk-11.0.12.0.7-0.el7_9.x86_64/lib/modules
7fb0ab8ff000-7fb0abaff000 rw-p 00000000 00:00 0 
7fb0abaff000-7fb0abcff000 rw-p 00000000 00:00 0 
7fb0abcff000-7fb0abd03000 ---p 00000000 00:00 0 
7fb0abd03000-7fb0ac000000 rw-p 00000000 00:00 0 
7fb0ac000000-7fb0ac099000 rw-p 00000000 00:00 0 
7fb0ac099000-7fb0b0000000 ---p 00000000 00:00 0 
7fb0b0000000-7fb0b320b000 rw-p 00000000 00:00 0 
7fb0b320b000-7fb0b4000000 ---p 00000000 00:00 0 
7fb0b4000000-7fb0b43c0000 rw-p 00000000 00:00 0 
7fb0b43c0000-7fb0b8000000 ---p 00000000 00:00 0 
7fb0b80b3000-7fb0b82b3000 rw-p 00000000 00:00 0 
7fb0b82b3000-7fb0b82b7000 ---p 00000000 00:00 0 
7fb0b82b7000-7fb0b85b4000 rw-p 00000000 00:00 0 
7fb0b85b4000-7fb0b85b8000 ---p 00000000 00:00 0 
7fb0b85b8000-7fb0b88a1000 rw-p 00000000 00:00 0 
7fb0b88a1000-7fb0b88b5000 ---p 00000000 00:00 0 
7fb0b88b5000-7fb0b88b9000 ---p 00000000 00:00 0 
7fb0b88b9000-7fb0b8bb6000 rw-p 00000000 00:00 0 
7fb0b8bb6000-7fb0b8bba000 ---p 00000000 00:00 0 
7fb0b8bba000-7fb0b8eb7000 rw-p 00000000 00:00 0 
7fb0b8eb7000-7fb0b8ebb000 ---p 00000000 00:00 0 
7fb0b8ebb000-7fb0b8fb8000 rw-p 00000000 00:00 0 
7fb0b8fb8000-7fb0b8fbc000 ---p 00000000 00:00 0 
7fb0b8fbc000-7fb0b92b9000 rw-p 00000000 00:00 0 
7fb0b92b9000-7fb0b92bd000 ---p 00000000 00:00 0 
7fb0b92bd000-7fb0b93ba000 rw-p 00000000 00:00 0 
7fb0b93ba000-7fb0b93be000 ---p 00000000 00:00 0 
7fb0b93be000-7fb0b96bb000 rw-p 00000000 00:00 0 
7fb0b96bb000-7fb0b98bb000 rw-p 00000000 00:00 0 
7fb0b98bb000-7fb0b98bf000 ---p 00000000 00:00 0 
7fb0b98bf000-7fb0b99bc000 rw-p 00000000 00:00 0 
7fb0b99bc000-7fb0b99c0000 ---p 00000000 00:00 0 
7fb0b99c0000-7fb0b9abd000 rw-p 00000000 00:00 0 
7fb0b9abd000-7fb0c0000000 r--p 00000000 fd:01 663995                     /usr/lib/locale/locale-archive
7fb0c0000000-7fb0c00c8000 rw-p 00000000 00:00 0 
7fb0c00c8000-7fb0c4000000 ---p 00000000 00:00 0 
7fb0c4000000-7fb0c4058000 rw-p 00000000 00:00 0 
7fb0c4058000-7fb0c8000000 ---p 00000000 00:00 0 
7fb0c8000000-7fb0c8522000 rw-p 00000000 00:00 0 
7fb0c8522000-7fb0cc000000 ---p 00000000 00:00 0 
7fb0cc0b2000-7fb0cc0c2000 r-xp 00000000 fd:01 1185593                    /root/.vscode-server/data/User/globalStorage/redhat.java/0.82.0/config_linux/org.eclipse.equinox.launcher/org.eclipse.equinox.launcher.gtk.linux.x86_64_1.2.300.v20210828-0802/eclipse_11506.so
7fb0cc0c2000-7fb0cc2c1000 ---p 00010000 fd:01 1185593                    /root/.vscode-server/data/User/globalStorage/redhat.java/0.82.0/config_linux/org.eclipse.equinox.launcher/org.eclipse.equinox.launcher.gtk.linux.x86_64_1.2.300.v20210828-0802/eclipse_11506.so
7fb0cc2c1000-7fb0cc2c2000 r--p 0000f000 fd:01 1185593                    /root/.vscode-server/data/User/globalStorage/redhat.java/0.82.0/config_linux/org.eclipse.equinox.launcher/org.eclipse.equinox.launcher.gtk.linux.x86_64_1.2.300.v20210828-0802/eclipse_11506.so
7fb0cc2c2000-7fb0cc2c3000 rw-p 00010000 fd:01 1185593                    /root/.vscode-server/data/User/globalStorage/redhat.java/0.82.0/config_linux/org.eclipse.equinox.launcher/org.eclipse.equinox.launcher.gtk.linux.x86_64_1.2.300.v20210828-0802/eclipse_11506.so
7fb0cc2c3000-7fb0cc2c7000 ---p 00000000 00:00 0 
7fb0cc2c7000-7fb0cc3c4000 rw-p 00000000 00:00 0 
7fb0cc3c4000-7fb0cc3c8000 ---p 00000000 00:00 0 
7fb0cc3c8000-7fb0cc4c5000 rw-p 00000000 00:00 0 
7fb0cc4c5000-7fb0cc4c9000 ---p 00000000 00:00 0 
7fb0cc4c9000-7fb0cc5c6000 rw-p 00000000 00:00 0 
7fb0cc5c6000-7fb0cc5dd000 r-xp 00000000 fd:01 669425                     /usr/lib/jvm/java-11-openjdk-11.0.12.0.7-0.el7_9.x86_64/lib/libnet.so
7fb0cc5dd000-7fb0cc7dc000 ---p 00017000 fd:01 669425                     /usr/lib/jvm/java-11-openjdk-11.0.12.0.7-0.el7_9.x86_64/lib/libnet.so
7fb0cc7dc000-7fb0cc7dd000 r--p 00016000 fd:01 669425                     /usr/lib/jvm/java-11-openjdk-11.0.12.0.7-0.el7_9.x86_64/lib/libnet.so
7fb0cc7dd000-7fb0cc7de000 rw-p 00017000 fd:01 669425                     /usr/lib/jvm/java-11-openjdk-11.0.12.0.7-0.el7_9.x86_64/lib/libnet.so
7fb0cc7de000-7fb0cc7ef000 r-xp 00000000 fd:01 669426                     /usr/lib/jvm/java-11-openjdk-11.0.12.0.7-0.el7_9.x86_64/lib/libnio.so
7fb0cc7ef000-7fb0cc9ee000 ---p 00011000 fd:01 669426                     /usr/lib/jvm/java-11-openjdk-11.0.12.0.7-0.el7_9.x86_64/lib/libnio.so
7fb0cc9ee000-7fb0cc9ef000 r--p 00010000 fd:01 669426                     /usr/lib/jvm/java-11-openjdk-11.0.12.0.7-0.el7_9.x86_64/lib/libnio.so
7fb0cc9ef000-7fb0cc9f0000 rw-p 00011000 fd:01 669426                     /usr/lib/jvm/java-11-openjdk-11.0.12.0.7-0.el7_9.x86_64/lib/libnio.so
7fb0cc9f0000-7fb0cc9f1000 ---p 00000000 00:00 0 
7fb0cc9f1000-7fb0ccaf2000 rw-p 00000000 00:00 0 
7fb0ccaf2000-7fb0ccaf6000 ---p 00000000 00:00 0 
7fb0ccaf6000-7fb0ccbf3000 rw-p 00000000 00:00 0 
7fb0ccbf3000-7fb0ccbf7000 ---p 00000000 00:00 0 
7fb0ccbf7000-7fb0cccf4000 rw-p 00000000 00:00 0 
7fb0cccf4000-7fb0cccf8000 ---p 00000000 00:00 0 
7fb0cccf8000-7fb0ccdf5000 rw-p 00000000 00:00 0 
7fb0ccdf5000-7fb0ccdf9000 ---p 00000000 00:00 0 
7fb0ccdf9000-7fb0ccef6000 rw-p 00000000 00:00 0 
7fb0ccef6000-7fb0ccefa000 ---p 00000000 00:00 0 
7fb0ccefa000-7fb0ccff7000 rw-p 00000000 00:00 0 
7fb0ccff7000-7fb0ccffb000 ---p 00000000 00:00 0 
7fb0ccffb000-7fb0cd0f8000 rw-p 00000000 00:00 0 
7fb0cd0f8000-7fb0cd0fc000 ---p 00000000 00:00 0 
7fb0cd0fc000-7fb0cd1f9000 rw-p 00000000 00:00 0 
7fb0cd1f9000-7fb0cd1fd000 ---p 00000000 00:00 0 
7fb0cd1fd000-7fb0cd2fa000 rw-p 00000000 00:00 0 
7fb0cd2fa000-7fb0cd2fb000 ---p 00000000 00:00 0 
7fb0cd2fb000-7fb0d0000000 rw-p 00000000 00:00 0 
7fb0d0000000-7fb0d07c4000 rw-p 00000000 00:00 0 
7fb0d07c4000-7fb0d4000000 ---p 00000000 00:00 0 
7fb0d40e3000-7fb0d4566000 rw-p 00000000 00:00 0 
7fb0d4566000-7fb0d4567000 ---p 00000000 00:00 0 
7fb0d4567000-7fb0d46f2000 rw-p 00000000 00:00 0 
7fb0d46f2000-7fb0d47bd000 ---p 00000000 00:00 0 
7fb0d47bd000-7fb0d47ee000 rw-p 00000000 00:00 0 
7fb0d47ee000-7fb0d4868000 ---p 00000000 00:00 0 
7fb0d4868000-7fb0d4869000 rw-p 00000000 00:00 0 
7fb0d4869000-7fb0d4ad9000 rwxp 00000000 00:00 0 
7fb0d4ad9000-7fb0d4df8000 ---p 00000000 00:00 0 
7fb0d4df8000-7fb0d5948000 rwxp 00000000 00:00 0 
7fb0d5948000-7fb0dc330000 ---p 00000000 00:00 0 
7fb0dc330000-7fb0dc5a0000 rwxp 00000000 00:00 0 
7fb0dc5a0000-7fb0e3869000 ---p 00000000 00:00 0 
7fb0e3869000-7fb0ec000000 r--s 00000000 fd:01 669435                     /usr/lib/jvm/java-11-openjdk-11.0.12.0.7-0.el7_9.x86_64/lib/modules
7fb0ec000000-7fb0ec426000 rw-p 00000000 00:00 0 
7fb0ec426000-7fb0f0000000 ---p 00000000 00:00 0 
7fb0f0079000-7fb0f0103000 rw-p 00000000 00:00 0 
7fb0f0103000-7fb0f01cf000 ---p 00000000 00:00 0 
7fb0f01cf000-7fb0f01d4000 rw-p 00000000 00:00 0 
7fb0f01d4000-7fb0f02ba000 ---p 00000000 00:00 0 
7fb0f02ba000-7fb0f02d1000 rw-p 00000000 00:00 0 
7fb0f02d1000-7fb0f03a5000 ---p 00000000 00:00 0 
7fb0f03a5000-7fb0f03ac000 r-xp 00000000 fd:01 669434                     /usr/lib/jvm/java-11-openjdk-11.0.12.0.7-0.el7_9.x86_64/lib/libzip.so
7fb0f03ac000-7fb0f05ac000 ---p 00007000 fd:01 669434                     /usr/lib/jvm/java-11-openjdk-11.0.12.0.7-0.el7_9.x86_64/lib/libzip.so
7fb0f05ac000-7fb0f05ad000 r--p 00007000 fd:01 669434                     /usr/lib/jvm/java-11-openjdk-11.0.12.0.7-0.el7_9.x86_64/lib/libzip.so
7fb0f05ad000-7fb0f05ae000 rw-p 00000000 00:00 0 
7fb0f05ae000-7fb0f05ba000 r-xp 00000000 fd:01 656778                     /usr/lib64/libnss_files-2.17.so
7fb0f05ba000-7fb0f07b9000 ---p 0000c000 fd:01 656778                     /usr/lib64/libnss_files-2.17.so
7fb0f07b9000-7fb0f07ba000 r--p 0000b000 fd:01 656778                     /usr/lib64/libnss_files-2.17.so
7fb0f07ba000-7fb0f07bb000 rw-p 0000c000 fd:01 656778                     /usr/lib64/libnss_files-2.17.so
7fb0f07bb000-7fb0f07c1000 rw-p 00000000 00:00 0 
7fb0f07c1000-7fb0f07c6000 r-xp 00000000 fd:01 669417                     /usr/lib/jvm/java-11-openjdk-11.0.12.0.7-0.el7_9.x86_64/lib/libjimage.so
7fb0f07c6000-7fb0f09c6000 ---p 00005000 fd:01 669417                     /usr/lib/jvm/java-11-openjdk-11.0.12.0.7-0.el7_9.x86_64/lib/libjimage.so
7fb0f09c6000-7fb0f09c7000 r--p 00005000 fd:01 669417                     /usr/lib/jvm/java-11-openjdk-11.0.12.0.7-0.el7_9.x86_64/lib/libjimage.so
7fb0f09c7000-7fb0f09c8000 rw-p 00006000 fd:01 669417                     /usr/lib/jvm/java-11-openjdk-11.0.12.0.7-0.el7_9.x86_64/lib/libjimage.so
7fb0f09c8000-7fb0f09f2000 r-xp 00000000 fd:01 669414                     /usr/lib/jvm/java-11-openjdk-11.0.12.0.7-0.el7_9.x86_64/lib/libjava.so
7fb0f09f2000-7fb0f0bf1000 ---p 0002a000 fd:01 669414                     /usr/lib/jvm/java-11-openjdk-11.0.12.0.7-0.el7_9.x86_64/lib/libjava.so
7fb0f0bf1000-7fb0f0bf2000 r--p 00029000 fd:01 669414                     /usr/lib/jvm/java-11-openjdk-11.0.12.0.7-0.el7_9.x86_64/lib/libjava.so
7fb0f0bf2000-7fb0f0bf3000 rw-p 0002a000 fd:01 669414                     /usr/lib/jvm/java-11-openjdk-11.0.12.0.7-0.el7_9.x86_64/lib/libjava.so
7fb0f0bf3000-7fb0f0bf4000 rw-p 00000000 00:00 0 
7fb0f0bf4000-7fb0f0c01000 r-xp 00000000 fd:01 669433                     /usr/lib/jvm/java-11-openjdk-11.0.12.0.7-0.el7_9.x86_64/lib/libverify.so
7fb0f0c01000-7fb0f0e01000 ---p 0000d000 fd:01 669433                     /usr/lib/jvm/java-11-openjdk-11.0.12.0.7-0.el7_9.x86_64/lib/libverify.so
7fb0f0e01000-7fb0f0e03000 r--p 0000d000 fd:01 669433                     /usr/lib/jvm/java-11-openjdk-11.0.12.0.7-0.el7_9.x86_64/lib/libverify.so
7fb0f0e03000-7fb0f0e04000 rw-p 00000000 00:00 0 
7fb0f0e04000-7fb0f0e0b000 r-xp 00000000 fd:01 656790                     /usr/lib64/librt-2.17.so
7fb0f0e0b000-7fb0f100a000 ---p 00007000 fd:01 656790                     /usr/lib64/librt-2.17.so
7fb0f100a000-7fb0f100b000 r--p 00006000 fd:01 656790                     /usr/lib64/librt-2.17.so
7fb0f100b000-7fb0f100c000 rw-p 00007000 fd:01 656790                     /usr/lib64/librt-2.17.so
7fb0f100c000-7fb0f1021000 r-xp 00000000 fd:01 655381                     /usr/lib64/libgcc_s-4.8.5-20150702.so.1
7fb0f1021000-7fb0f1220000 ---p 00015000 fd:01 655381                     /usr/lib64/libgcc_s-4.8.5-20150702.so.1
7fb0f1220000-7fb0f1221000 r--p 00014000 fd:01 655381                     /usr/lib64/libgcc_s-4.8.5-20150702.so.1
7fb0f1221000-7fb0f1222000 rw-p 00015000 fd:01 655381                     /usr/lib64/libgcc_s-4.8.5-20150702.so.1
7fb0f1222000-7fb0f1323000 r-xp 00000000 fd:01 656768                     /usr/lib64/libm-2.17.so
7fb0f1323000-7fb0f1522000 ---p 00101000 fd:01 656768                     /usr/lib64/libm-2.17.so
7fb0f1522000-7fb0f1523000 r--p 00100000 fd:01 656768                     /usr/lib64/libm-2.17.so
7fb0f1523000-7fb0f1524000 rw-p 00101000 fd:01 656768                     /usr/lib64/libm-2.17.so
7fb0f1524000-7fb0f160d000 r-xp 00000000 fd:01 657070                     /usr/lib64/libstdc++.so.6.0.19
7fb0f160d000-7fb0f180d000 ---p 000e9000 fd:01 657070                     /usr/lib64/libstdc++.so.6.0.19
7fb0f180d000-7fb0f1815000 r--p 000e9000 fd:01 657070                     /usr/lib64/libstdc++.so.6.0.19
7fb0f1815000-7fb0f1817000 rw-p 000f1000 fd:01 657070                     /usr/lib64/libstdc++.so.6.0.19
7fb0f1817000-7fb0f182c000 rw-p 00000000 00:00 0 
7fb0f182c000-7fb0f2a66000 r-xp 00000000 fd:01 669446                     /usr/lib/jvm/java-11-openjdk-11.0.12.0.7-0.el7_9.x86_64/lib/server/libjvm.so
7fb0f2a66000-7fb0f2c66000 ---p 0123a000 fd:01 669446                     /usr/lib/jvm/java-11-openjdk-11.0.12.0.7-0.el7_9.x86_64/lib/server/libjvm.so
7fb0f2c66000-7fb0f2d3b000 r--p 0123a000 fd:01 669446                     /usr/lib/jvm/java-11-openjdk-11.0.12.0.7-0.el7_9.x86_64/lib/server/libjvm.so
7fb0f2d3b000-7fb0f2d76000 rw-p 0130f000 fd:01 669446                     /usr/lib/jvm/java-11-openjdk-11.0.12.0.7-0.el7_9.x86_64/lib/server/libjvm.so
7fb0f2d76000-7fb0f2dd1000 rw-p 00000000 00:00 0 
7fb0f2dd1000-7fb0f2f95000 r-xp 00000000 fd:01 656760                     /usr/lib64/libc-2.17.so
7fb0f2f95000-7fb0f3194000 ---p 001c4000 fd:01 656760                     /usr/lib64/libc-2.17.so
7fb0f3194000-7fb0f3198000 r--p 001c3000 fd:01 656760                     /usr/lib64/libc-2.17.so
7fb0f3198000-7fb0f319a000 rw-p 001c7000 fd:01 656760                     /usr/lib64/libc-2.17.so
7fb0f319a000-7fb0f319f000 rw-p 00000000 00:00 0 
7fb0f319f000-7fb0f31a1000 r-xp 00000000 fd:01 656766                     /usr/lib64/libdl-2.17.so
7fb0f31a1000-7fb0f33a1000 ---p 00002000 fd:01 656766                     /usr/lib64/libdl-2.17.so
7fb0f33a1000-7fb0f33a2000 r--p 00002000 fd:01 656766                     /usr/lib64/libdl-2.17.so
7fb0f33a2000-7fb0f33a3000 rw-p 00003000 fd:01 656766                     /usr/lib64/libdl-2.17.so
7fb0f33a3000-7fb0f33b3000 r-xp 00000000 fd:01 669398                     /usr/lib/jvm/java-11-openjdk-11.0.12.0.7-0.el7_9.x86_64/lib/jli/libjli.so
7fb0f33b3000-7fb0f35b2000 ---p 00010000 fd:01 669398                     /usr/lib/jvm/java-11-openjdk-11.0.12.0.7-0.el7_9.x86_64/lib/jli/libjli.so
7fb0f35b2000-7fb0f35b3000 r--p 0000f000 fd:01 669398                     /usr/lib/jvm/java-11-openjdk-11.0.12.0.7-0.el7_9.x86_64/lib/jli/libjli.so
7fb0f35b3000-7fb0f35b4000 rw-p 00010000 fd:01 669398                     /usr/lib/jvm/java-11-openjdk-11.0.12.0.7-0.el7_9.x86_64/lib/jli/libjli.so
7fb0f35b4000-7fb0f35cb000 r-xp 00000000 fd:01 656786                     /usr/lib64/libpthread-2.17.so
7fb0f35cb000-7fb0f37ca000 ---p 00017000 fd:01 656786                     /usr/lib64/libpthread-2.17.so
7fb0f37ca000-7fb0f37cb000 r--p 00016000 fd:01 656786                     /usr/lib64/libpthread-2.17.so
7fb0f37cb000-7fb0f37cc000 rw-p 00017000 fd:01 656786                     /usr/lib64/libpthread-2.17.so
7fb0f37cc000-7fb0f37d0000 rw-p 00000000 00:00 0 
7fb0f37d0000-7fb0f37e5000 r-xp 00000000 fd:01 657214                     /usr/lib64/libz.so.1.2.7
7fb0f37e5000-7fb0f39e4000 ---p 00015000 fd:01 657214                     /usr/lib64/libz.so.1.2.7
7fb0f39e4000-7fb0f39e5000 r--p 00014000 fd:01 657214                     /usr/lib64/libz.so.1.2.7
7fb0f39e5000-7fb0f39e6000 rw-p 00015000 fd:01 657214                     /usr/lib64/libz.so.1.2.7
7fb0f39e6000-7fb0f3a08000 r-xp 00000000 fd:01 656753                     /usr/lib64/ld-2.17.so
7fb0f3a54000-7fb0f3a58000 ---p 00000000 00:00 0 
7fb0f3a58000-7fb0f3aea000 rw-p 00000000 00:00 0 
7fb0f3aea000-7fb0f3af1000 ---p 00000000 00:00 0 
7fb0f3af1000-7fb0f3af9000 rw-s 00000000 fd:01 675105                     /tmp/hsperfdata_root/24375
7fb0f3af9000-7fb0f3afd000 ---p 00000000 00:00 0 
7fb0f3afd000-7fb0f3bff000 rw-p 00000000 00:00 0 
7fb0f3c03000-7fb0f3c04000 rw-p 00000000 00:00 0 
7fb0f3c04000-7fb0f3c05000 ---p 00000000 00:00 0 
7fb0f3c05000-7fb0f3c06000 r--p 00000000 00:00 0 
7fb0f3c06000-7fb0f3c07000 rw-p 00000000 00:00 0 
7fb0f3c07000-7fb0f3c08000 r--p 00021000 fd:01 656753                     /usr/lib64/ld-2.17.so
7fb0f3c08000-7fb0f3c09000 rw-p 00022000 fd:01 656753                     /usr/lib64/ld-2.17.so
7fb0f3c09000-7fb0f3c0a000 rw-p 00000000 00:00 0 
7ffe3c8e2000-7ffe3c903000 rw-p 00000000 00:00 0                          [stack]
7ffe3c9e2000-7ffe3c9e4000 r-xp 00000000 00:00 0                          [vdso]
ffffffffff600000-ffffffffff601000 r-xp 00000000 00:00 0                  [vsyscall]


VM Arguments:
jvm_args: --add-modules=ALL-SYSTEM --add-opens=java.base/java.util=ALL-UNNAMED --add-opens=java.base/java.lang=ALL-UNNAMED -Declipse.application=org.eclipse.jdt.ls.core.id1 -Dosgi.bundles.defaultStartLevel=4 -Declipse.product=org.eclipse.jdt.ls.core.product -Dfile.encoding=utf8 -XX:+UseParallelGC -XX:GCTimeRatio=4 -XX:AdaptiveSizePolicyWeight=90 -Dsun.zip.disableMemoryMapping=true -Xmx1G -Xms100m -Xverify:none 
java_command: /root/.vscode-server/extensions/redhat.java-0.82.0/server/plugins/org.eclipse.equinox.launcher_1.6.300.v20210813-1054.jar -configuration /root/.vscode-server/data/User/globalStorage/redhat.java/0.82.0/config_linux -data /root/.vscode-server/data/User/workspaceStorage/f571621cc9724e9bea71c1e3f729ef77-2/redhat.java/jdt_ws
java_class_path (initial): /root/.vscode-server/extensions/redhat.java-0.82.0/server/plugins/org.eclipse.equinox.launcher_1.6.300.v20210813-1054.jar
Launcher Type: SUN_STANDARD

[Global flags]
    uintx AdaptiveSizePolicyWeight                 = 90                                        {product} {command line}
     bool BytecodeVerificationLocal                = false                                     {product} {command line}
     bool BytecodeVerificationRemote               = false                                     {product} {command line}
     intx CICompilerCount                          = 2                                         {product} {ergonomic}
    uintx GCTimeRatio                              = 4                                         {product} {command line}
   size_t InitialHeapSize                          = 104857600                                 {product} {command line}
   size_t MaxHeapSize                              = 1073741824                                {product} {command line}
   size_t MaxNewSize                               = 357564416                                 {product} {ergonomic}
   size_t MinHeapDeltaBytes                        = 524288                                    {product} {ergonomic}
   size_t NewSize                                  = 34603008                                  {product} {ergonomic}
    uintx NonNMethodCodeHeapSize                   = 5825164                                {pd product} {ergonomic}
    uintx NonProfiledCodeHeapSize                  = 122916538                              {pd product} {ergonomic}
   size_t OldSize                                  = 70254592                                  {product} {ergonomic}
    uintx ProfiledCodeHeapSize                     = 122916538                              {pd product} {ergonomic}
    uintx ReservedCodeCacheSize                    = 251658240                              {pd product} {ergonomic}
     bool SegmentedCodeCache                       = true                                      {product} {ergonomic}
     bool UseCompressedClassPointers               = true                                 {lp64_product} {ergonomic}
     bool UseCompressedOops                        = true                                 {lp64_product} {ergonomic}
     bool UseParallelGC                            = true                                      {product} {command line}

Logging:
Log output configuration:
 #0: stdout all=warning uptime,level,tags
 #1: stderr all=off uptime,level,tags

Environment Variables:
JAVA_HOME=/usr/lib/jvm/java-11-openjdk-11.0.12.0.7-0.el7_9.x86_64
JRE_HOME=/usr/lib/jvm/java-11-openjdk-11.0.12.0.7-0.el7_9.x86_64/jre
CLASSPATH=/usr/lib/jvm/java-11-openjdk-11.0.12.0.7-0.el7_9.x86_64/lib:/usr/lib/jvm/java-11-openjdk-11.0.12.0.7-0.el7_9.x86_64/jre/lib:/usr/lib/jvm/java-11-openjdk-11.0.12.0.7-0.el7_9.x86_64/lib:/usr/lib/jvm/java-11-openjdk-11.0.12.0.7-0.el7_9.x86_64/jre/lib:/usr/lib/jvm/java-11-openjdk-11.0.12.0.7-0.el7_9.x86_64/lib:/usr/lib/jvm/java-11-openjdk-11.0.12.0.7-0.el7_9.x86_64/jre/lib:
PATH=/root/.vscode-server/bin/83bd43bc519d15e50c4272c6cf5c1479df196a4d/bin:/usr/lib/jvm/java-11-openjdk-11.0.12.0.7-0.el7_9.x86_64/bin:/usr/lib/jvm/java-11-openjdk-11.0.12.0.7-0.el7_9.x86_64/jre/bin:/usr/lib/jvm/java-11-openjdk-11.0.12.0.7-0.el7_9.x86_64/bin:/usr/lib/jvm/java-11-openjdk-11.0.12.0.7-0.el7_9.x86_64/jre/bin:.:/opt/software/node/bin:/root/.vscode-server/bin/83bd43bc519d15e50c4272c6cf5c1479df196a4d/bin:/usr/lib/jvm/java-11-openjdk-11.0.12.0.7-0.el7_9.x86_64/bin:/usr/lib/jvm/java-11-openjdk-11.0.12.0.7-0.el7_9.x86_64/jre/bin:/usr/local/sbin:/usr/local/bin:/usr/sbin:/usr/bin:/root/bin
SHELL=/bin/bash
LANG=en_US.UTF-8

Signal Handlers:
SIGSEGV: [libjvm.so+0xf03040], sa_mask[0]=11111111011111111101111111111110, sa_flags=SA_RESTART|SA_SIGINFO
SIGBUS: [libjvm.so+0xf03040], sa_mask[0]=11111111011111111101111111111110, sa_flags=SA_RESTART|SA_SIGINFO
SIGFPE: [libjvm.so+0xf03040], sa_mask[0]=11111111011111111101111111111110, sa_flags=SA_RESTART|SA_SIGINFO
SIGPIPE: [libjvm.so+0xc4d490], sa_mask[0]=11111111011111111101111111111110, sa_flags=SA_RESTART|SA_SIGINFO
SIGXFSZ: [libjvm.so+0xc4d490], sa_mask[0]=11111111011111111101111111111110, sa_flags=SA_RESTART|SA_SIGINFO
SIGILL: [libjvm.so+0xf03040], sa_mask[0]=11111111011111111101111111111110, sa_flags=SA_RESTART|SA_SIGINFO
SIGUSR2: [libjvm.so+0xc4d310], sa_mask[0]=00000000000000000000000000000000, sa_flags=SA_RESTART|SA_SIGINFO
SIGHUP: [libjvm.so+0xc4d690], sa_mask[0]=11111111011111111101111111111110, sa_flags=SA_RESTART|SA_SIGINFO
SIGINT: [libjvm.so+0xc4d690], sa_mask[0]=11111111011111111101111111111110, sa_flags=SA_RESTART|SA_SIGINFO
SIGTERM: [libjvm.so+0xc4d690], sa_mask[0]=11111111011111111101111111111110, sa_flags=SA_RESTART|SA_SIGINFO
SIGQUIT: [libjvm.so+0xc4d690], sa_mask[0]=11111111011111111101111111111110, sa_flags=SA_RESTART|SA_SIGINFO


---------------  S Y S T E M  ---------------

OS:CentOS Linux release 7.9.2009 (Core)
uname:Linux 3.10.0-1160.31.1.el7.x86_64 #1 SMP Thu Jun 10 13:32:12 UTC 2021 x86_64
OS uptime: 5 days 17:51 hours
libc:glibc 2.17 NPTL 2.17 
rlimit (soft/hard): STACK 8192k/infinity , CORE 0k/infinity , NPROC 7268/7268 , NOFILE 65535/65535 , AS infinity/infinity , CPU infinity/infinity , DATA infinity/infinity , FSIZE infinity/infinity , MEMLOCK 64k/64k
load average:15.32 14.43 6.70

/proc/meminfo:
MemTotal:        1881824 kB
MemFree:           73440 kB
MemAvailable:      46496 kB
Buffers:            1704 kB
Cached:            78480 kB
SwapCached:            0 kB
Active:          1647808 kB
Inactive:          40264 kB
Active(anon):    1608316 kB
Inactive(anon):      308 kB
Active(file):      39492 kB
Inactive(file):    39956 kB
Unevictable:           0 kB
Mlocked:               0 kB
SwapTotal:             0 kB
SwapFree:              0 kB
Dirty:               636 kB
Writeback:             0 kB
AnonPages:       1607948 kB
Mapped:            22584 kB
Shmem:               688 kB
Slab:              33456 kB
SReclaimable:      16368 kB
SUnreclaim:        17088 kB
KernelStack:        5904 kB
PageTables:        21196 kB
NFS_Unstable:          0 kB
Bounce:                0 kB
WritebackTmp:          0 kB
CommitLimit:      940912 kB
Committed_AS:    2633040 kB
VmallocTotal:   34359738367 kB
VmallocUsed:        9104 kB
VmallocChunk:   34359724540 kB
Percpu:              328 kB
HardwareCorrupted:     0 kB
AnonHugePages:    131072 kB
CmaTotal:              0 kB
CmaFree:               0 kB
HugePages_Total:       0
HugePages_Free:        0
HugePages_Rsvd:        0
HugePages_Surp:        0
Hugepagesize:       2048 kB
DirectMap4k:       51072 kB
DirectMap2M:     2045952 kB
DirectMap1G:           0 kB

/sys/kernel/mm/transparent_hugepage/enabled:
[always] madvise never
/sys/kernel/mm/transparent_hugepage/defrag (defrag/compaction efforts parameter):
[always] madvise never

Process Memory:
Virtual Size: 3370388K (peak: 12165288K)
Resident Set Size: 553808K (peak: 565300K) (anon: 544036K, file: 9772K, shmem: 0K)
Swapped out: 0K
C-Heap outstanding allocations: 27257K

/proc/sys/kernel/threads-max (system-wide limit on the number of threads):
14536
/proc/sys/vm/max_map_count (maximum number of memory map areas a process may have):
65530
/proc/sys/kernel/pid_max (system-wide limit on number of process identifiers):
32768

container (cgroup) information:
container_type: cgroupv1
cpu_cpuset_cpus: 0
cpu_memory_nodes: 0
active_processor_count: 1
cpu_quota: -1
cpu_period: 100000
cpu_shares: -1
memory_limit_in_bytes: -1
memory_and_swap_limit_in_bytes: -1
memory_soft_limit_in_bytes: -1
memory_usage_in_bytes: 1728679936
memory_max_usage_in_bytes: 3510272

KVM virtualization detected
Steal ticks since vm start: 0
Steal ticks percentage since vm start:  0.000

CPU:total 1 (initial active 1) (1 cores per cpu, 2 threads per core) family 6 model 79 stepping 1 microcode 0x1, cmov, cx8, fxsr, mmx, sse, sse2, sse3, ssse3, sse4.1, sse4.2, popcnt, avx, avx2, aes, clmul, erms, rtm, 3dnowpref, lzcnt, ht, tsc, tscinvbit, bmi1, bmi2, adx, fma
CPU Model and flags from /proc/cpuinfo:
model name	: Intel(R) Xeon(R) CPU E5-2682 v4 @ 2.50GHz
flags		: fpu vme de pse tsc msr pae mce cx8 apic sep mtrr pge mca cmov pat pse36 clflush mmx fxsr sse sse2 ss ht syscall nx pdpe1gb rdtscp lm constant_tsc rep_good nopl nonstop_tsc eagerfpu pni pclmulqdq ssse3 fma cx16 pcid sse4_1 sse4_2 x2apic movbe popcnt tsc_deadline_timer aes xsave avx f16c rdrand hypervisor lahf_lm abm 3dnowprefetch invpcid_single ibrs ibpb stibp fsgsbase tsc_adjust bmi1 hle avx2 smep bmi2 erms invpcid rtm rdseed adx smap xsaveopt arat spec_ctrl intel_stibp
Online cpus:
0
Offline cpus:
1
BIOS frequency limitation:
<Not Available>
Frequency switch latency (ns):
<Not Available>
Available cpu frequencies:
<Not Available>
Current governor:
<Not Available>
Core performance/turbo boost:
<Not Available>

Memory: 4k page, physical 1881824k(73316k free), swap 0k(0k free)

vm_info: OpenJDK 64-Bit Server VM (11.0.12+7-LTS) for linux-amd64 JRE (11.0.12+7-LTS), built on Jul 21 2021 16:04:29 by "mockbuild" with gcc 4.8.5 20150623 (Red Hat 4.8.5-44)

END.
